c:\users\olive\documents\github\supermariobros\supermariobros\debug\vc142.pdb
c:\users\olive\documents\github\supermariobros\supermariobros\debug\vc142.idb
c:\users\olive\documents\github\supermariobros\supermariobros\debug\texture2d.obj
c:\users\olive\documents\github\supermariobros\supermariobros\debug\source.obj
c:\users\olive\documents\github\supermariobros\supermariobros\debug\soundmanager.obj
c:\users\olive\documents\github\supermariobros\supermariobros\debug\powblock.obj
c:\users\olive\documents\github\supermariobros\supermariobros\debug\levelmap.obj
c:\users\olive\documents\github\supermariobros\supermariobros\debug\gamescreenmanager.obj
c:\users\olive\documents\github\supermariobros\supermariobros\debug\gamescreenlevel2.obj
c:\users\olive\documents\github\supermariobros\supermariobros\debug\gamescreenlevel1.obj
c:\users\olive\documents\github\supermariobros\supermariobros\debug\gamescreenintro.obj
c:\users\olive\documents\github\supermariobros\supermariobros\debug\gamescreen.obj
c:\users\olive\documents\github\supermariobros\supermariobros\debug\gamemanager.obj
c:\users\olive\documents\github\supermariobros\supermariobros\debug\fontui.obj
c:\users\olive\documents\github\supermariobros\supermariobros\debug\flag.obj
c:\users\olive\documents\github\supermariobros\supermariobros\debug\collisions.obj
c:\users\olive\documents\github\supermariobros\supermariobros\debug\coin.obj
c:\users\olive\documents\github\supermariobros\supermariobros\debug\charactermario.obj
c:\users\olive\documents\github\supermariobros\supermariobros\debug\characterluigi.obj
c:\users\olive\documents\github\supermariobros\supermariobros\debug\characterkoopa.obj
c:\users\olive\documents\github\supermariobros\supermariobros\debug\character.obj
c:\users\olive\documents\github\supermariobros\supermariobros\debug\camera.obj
c:\users\olive\documents\github\supermariobros\supermariobros\debug\tilemap.obj
c:\users\olive\documents\github\supermariobros\supermariobros\debug\tile.obj
c:\users\olive\documents\github\supermariobros\supermariobros\debug\gameoverscreen.obj
c:\users\olive\documents\github\supermariobros\debug\supermariobros.exe
c:\users\olive\documents\github\supermariobros\debug\supermariobros.ilk
c:\users\olive\documents\github\supermariobros\debug\supermariobros.pdb
c:\users\olive\documents\github\supermariobros\supermariobros\debug\supermariobros.tlog\cl.command.1.tlog
c:\users\olive\documents\github\supermariobros\supermariobros\debug\supermariobros.tlog\cl.read.1.tlog
c:\users\olive\documents\github\supermariobros\supermariobros\debug\supermariobros.tlog\cl.write.1.tlog
c:\users\olive\documents\github\supermariobros\supermariobros\debug\supermariobros.tlog\link.command.1.tlog
c:\users\olive\documents\github\supermariobros\supermariobros\debug\supermariobros.tlog\link.read.1.tlog
c:\users\olive\documents\github\supermariobros\supermariobros\debug\supermariobros.tlog\link.write.1.tlog
